<?xml version="1.0" encoding="UTF-8"?>
<!-- Generated by org.testng.reporters.JUnitReportReporter -->
<testsuite hostname="Q694WDC2JV" failures="0" tests="1" name="com.userTodos.tests.UserTodosTest" time="6.050" errors="0" timestamp="13 Jun 2024 14:27:13 GMT" skipped="0">
  <testcase classname="com.userTodos.tests.UserTodosTest" name="testUsersInFanCodeCityHaveMoreThanHalfTodosCompleted" time="6.050"/>
</testsuite> <!-- com.userTodos.tests.UserTodosTest -->
